<?xml version="1.0" encoding="UTF-8"?>
<!-- Generated by org.testng.reporters.JUnitReportReporter -->
<testsuite hostname="Jatinder" failures="0" tests="5" name="testpac.AmazonTest" time="161.106" errors="0" timestamp="2024-03-23T23:22:01 MDT" skipped="0">
  <testcase classname="testpac.AmazonTest" name="Signin" time="52.589"/>
  <testcase classname="testpac.AmazonTest" name="search" time="68.682"/>
  <testcase classname="testpac.AmazonTest" name="create" time="13.709"/>
  <testcase classname="testpac.AmazonTest" name="create" time="13.484"/>
  <testcase classname="testpac.AmazonTest" name="create" time="12.642"/>
</testsuite> <!-- testpac.AmazonTest -->
